<?xml version="1.0" encoding="UTF-8"?>
<testsuite name="backend.service.UserServiceTest" time="1.859" tests="5" errors="0" skipped="0" failures="0">
  <properties>
[...]
</properties>
  <testcase name="addEvent" classname="backend.service.UserServiceTest" time="0"/>
  <testcase name="deleteEvent" classname="backend.service.UserServiceTest" time="0"/>
  <testcase name="testForFail" classname="backend.service.UserServiceTest" time="1.859"/>
  <testcase name="updateTokens" classname="backend.service.UserServiceTest" time="0"/>
  <testcase name="getEvents" classname="backend.service.UserServiceTest" time="0"/>
</testsuite>