<?xml version="1.0" encoding="UTF-8"?>
<testsuite name="backend.controller.UserControllerTest" time="2.639" tests="34" errors="0" skipped="0" failures="0">
  <properties>
[...]
</properties>
  <testcase name="isConnectedtoTest" classname="backend.controller.UserControllerTest" time="0.215"/>
  <testcase name="updateTokensFailedTest" classname="backend.controller.UserControllerTest" time="0.071"/>
  <testcase name="logInTestWithoutPermission" classname="backend.controller.UserControllerTest" time="0.026"/>
  <testcase name="loginTest" classname="backend.controller.UserControllerTest" time="0.024"/>
  <testcase name="succunsubscribeUserTest" classname="backend.controller.UserControllerTest" time="0.01"/>
  <testcase name="setGoogleFitBandTest" classname="backend.controller.UserControllerTest" time="0.009"/>
  <testcase name="signUpTest" classname="backend.controller.UserControllerTest" time="0.041"/>
  <testcase name="verifyAccessTokenTest" classname="backend.controller.UserControllerTest" time="0.757"/>
  <testcase name="updateTokensTest" classname="backend.controller.UserControllerTest" time="0.013"/>
  <testcase name="refreshAccessTokenTest" classname="backend.controller.UserControllerTest" time="0.418"/>
  <testcase name="getSubTest" classname="backend.controller.UserControllerTest" time="0.01"/>
  <testcase name="sendEmailsTest" classname="backend.controller.UserControllerTest" time="0.019"/>
  <testcase name="getAllEventsTest" classname="backend.controller.UserControllerTest" time="0.008"/>
  <testcase name="subscribeUserTest" classname="backend.controller.UserControllerTest" time="0.012"/>
  <testcase name="getNameTest" classname="backend.controller.UserControllerTest" time="0.013"/>
  <testcase name="succsubscribeUserTest" classname="backend.controller.UserControllerTest" time="0.011"/>
  <testcase name="addEventTest" classname="backend.controller.UserControllerTest" time="0.018"/>
  <testcase name="setFitbitBandTest" classname="backend.controller.UserControllerTest" time="0.01"/>
  <testcase name="getActiveBandTest" classname="backend.controller.UserControllerTest" time="0.01"/>
  <testcase name="getOutlookTokenTest" classname="backend.controller.UserControllerTest" time="0.009"/>
  <testcase name="getEventTest" classname="backend.controller.UserControllerTest" time="0.017"/>
  <testcase name="changePasswordTest" classname="backend.controller.UserControllerTest" time="0.008"/>
  <testcase name="signUpWithGoogleTest" classname="backend.controller.UserControllerTest" time="0.058"/>
  <testcase name="getOutlookTokennotWorkingTest" classname="backend.controller.UserControllerTest" time="0.008"/>
  <testcase name="givenWac_whenServletContext_thenItProvidesuserController" classname="backend.controller.UserControllerTest" time="0.006"/>
  <testcase name="getEventsTest" classname="backend.controller.UserControllerTest" time="0.741"/>
  <testcase name="gettalleventsTest" classname="backend.controller.UserControllerTest" time="0.013"/>
  <testcase name="deleteEventTest" classname="backend.controller.UserControllerTest" time="0.02"/>
  <testcase name="notissubscripedRepoTest" classname="backend.controller.UserControllerTest" time="0.011"/>
  <testcase name="notisConnectedtoTest" classname="backend.controller.UserControllerTest" time="0.006"/>
  <testcase name="changePasswordFailTest" classname="backend.controller.UserControllerTest" time="0.01"/>
  <testcase name="issubscripedRepoTest" classname="backend.controller.UserControllerTest" time="0.014"/>
  <testcase name="unsubscribeUserTest" classname="backend.controller.UserControllerTest" time="0.01"/>
  <testcase name="signUpTestWithSameUserExist" classname="backend.controller.UserControllerTest" time="0.013"/>
</testsuite>